[01-Apr-2025 23:30:51 UTC] PHP Warning:  Undefined array key "host" in /workspaces/assignment-4/.wordpress/wp-includes/pluggable.php on line 1625
[02-Apr-2025 00:12:20 UTC] PHP Fatal error:  Out of memory (allocated 41943040) (tried to allocate 32768 bytes) in /workspaces/assignment-4/.wordpress/wp-admin/includes/file.php on line 2452
[02-Apr-2025 00:12:21 UTC] PHP Fatal error:  Out of memory (allocated 37748736) (tried to allocate 2097152 bytes) in /workspaces/assignment-4/.wordpress/wp-content/plugins/wpforms-lite/src/Forms/Fields/DateTime/Field.php on line 720
[02-Apr-2025 00:12:22 UTC] PHP Fatal error:  Out of memory (allocated 33554432) (tried to allocate 2097152 bytes) in /workspaces/assignment-4/.wordpress/wp-content/plugins/wpforms-lite/src/Forms/Fields/DateTime/Field.php on line 720
[02-Apr-2025 00:12:22 UTC] PHP Fatal error:  Out of memory (allocated 31457280) (tried to allocate 2097152 bytes) in /workspaces/assignment-4/.wordpress/wp-content/plugins/wpforms-lite/src/Forms/Fields/DateTime/Field.php on line 720
[02-Apr-2025 00:12:22 UTC] PHP Fatal error:  Out of memory (allocated 29360128) (tried to allocate 2097152 bytes) in /workspaces/assignment-4/.wordpress/wp-content/plugins/wpforms-lite/src/Forms/Fields/DateTime/Field.php on line 720
[02-Apr-2025 00:12:23 UTC] PHP Fatal error:  Out of memory (allocated 29360128) (tried to allocate 2097152 bytes) in /workspaces/assignment-4/.wordpress/wp-content/plugins/wpforms-lite/src/Forms/Fields/DateTime/Field.php on line 720
[02-Apr-2025 00:12:23 UTC] PHP Fatal error:  Out of memory (allocated 29360128) (tried to allocate 2097152 bytes) in /workspaces/assignment-4/.wordpress/wp-content/plugins/wpforms-lite/src/Forms/Fields/DateTime/Field.php on line 720
[02-Apr-2025 00:12:24 UTC] PHP Fatal error:  Out of memory (allocated 29360128) (tried to allocate 2097152 bytes) in /workspaces/assignment-4/.wordpress/wp-content/plugins/wpforms-lite/src/Forms/Fields/DateTime/Field.php on line 720
[02-Apr-2025 00:12:24 UTC] PHP Fatal error:  Out of memory (allocated 29360128) (tried to allocate 2097152 bytes) in /workspaces/assignment-4/.wordpress/wp-content/plugins/wpforms-lite/src/Forms/Fields/DateTime/Field.php on line 720
[02-Apr-2025 00:12:24 UTC] PHP Fatal error:  Out of memory (allocated 29360128) (tried to allocate 2097152 bytes) in /workspaces/assignment-4/.wordpress/wp-content/plugins/wpforms-lite/src/Forms/Fields/DateTime/Field.php on line 720
[02-Apr-2025 00:12:25 UTC] PHP Fatal error:  Out of memory (allocated 29360128) (tried to allocate 2097152 bytes) in /workspaces/assignment-4/.wordpress/wp-content/plugins/wpforms-lite/src/Forms/Fields/DateTime/Field.php on line 720
[02-Apr-2025 00:12:25 UTC] PHP Fatal error:  Out of memory (allocated 29360128) (tried to allocate 2097152 bytes) in /workspaces/assignment-4/.wordpress/wp-content/plugins/wpforms-lite/src/Forms/Fields/DateTime/Field.php on line 720
[02-Apr-2025 00:12:26 UTC] PHP Fatal error:  Out of memory (allocated 29360128) (tried to allocate 2097152 bytes) in /workspaces/assignment-4/.wordpress/wp-content/plugins/wpforms-lite/src/Forms/Fields/DateTime/Field.php on line 720
[02-Apr-2025 00:12:26 UTC] PHP Fatal error:  Out of memory (allocated 29360128) (tried to allocate 2097152 bytes) in /workspaces/assignment-4/.wordpress/wp-content/plugins/wpforms-lite/src/Forms/Fields/DateTime/Field.php on line 720
[02-Apr-2025 00:12:27 UTC] PHP Fatal error:  Out of memory (allocated 29360128) (tried to allocate 2097152 bytes) in /workspaces/assignment-4/.wordpress/wp-content/plugins/wpforms-lite/src/Forms/Fields/DateTime/Field.php on line 720
[02-Apr-2025 00:12:27 UTC] PHP Fatal error:  Out of memory (allocated 29360128) (tried to allocate 2097152 bytes) in /workspaces/assignment-4/.wordpress/wp-content/plugins/wpforms-lite/src/Forms/Fields/DateTime/Field.php on line 720
[02-Apr-2025 00:12:27 UTC] PHP Fatal error:  Out of memory (allocated 29360128) (tried to allocate 2097152 bytes) in /workspaces/assignment-4/.wordpress/wp-content/plugins/wpforms-lite/src/Forms/Fields/DateTime/Field.php on line 720
[02-Apr-2025 00:12:28 UTC] PHP Fatal error:  Out of memory (allocated 29360128) (tried to allocate 2097152 bytes) in /workspaces/assignment-4/.wordpress/wp-content/plugins/wpforms-lite/src/Forms/Fields/DateTime/Field.php on line 720
[02-Apr-2025 00:12:28 UTC] PHP Fatal error:  Out of memory (allocated 29360128) (tried to allocate 2097152 bytes) in /workspaces/assignment-4/.wordpress/wp-content/plugins/wpforms-lite/src/Forms/Fields/DateTime/Field.php on line 720
[02-Apr-2025 00:12:29 UTC] PHP Fatal error:  Out of memory (allocated 29360128) (tried to allocate 2097152 bytes) in /workspaces/assignment-4/.wordpress/wp-content/plugins/wpforms-lite/src/Forms/Fields/DateTime/Field.php on line 720
[02-Apr-2025 00:12:29 UTC] PHP Fatal error:  Out of memory (allocated 29360128) (tried to allocate 2097152 bytes) in /workspaces/assignment-4/.wordpress/wp-content/plugins/wpforms-lite/src/Forms/Fields/DateTime/Field.php on line 720
[02-Apr-2025 00:12:30 UTC] PHP Fatal error:  Out of memory (allocated 29360128) (tried to allocate 2097152 bytes) in /workspaces/assignment-4/.wordpress/wp-content/plugins/wpforms-lite/src/Forms/Fields/DateTime/Field.php on line 720
[02-Apr-2025 00:12:30 UTC] PHP Fatal error:  Out of memory (allocated 29360128) (tried to allocate 2097152 bytes) in /workspaces/assignment-4/.wordpress/wp-content/plugins/wpforms-lite/src/Forms/Fields/DateTime/Field.php on line 720
[02-Apr-2025 00:12:31 UTC] PHP Fatal error:  Out of memory (allocated 29360128) (tried to allocate 2097152 bytes) in /workspaces/assignment-4/.wordpress/wp-content/plugins/wpforms-lite/src/Forms/Fields/DateTime/Field.php on line 720
[02-Apr-2025 00:12:31 UTC] PHP Fatal error:  Out of memory (allocated 29360128) (tried to allocate 2097152 bytes) in /workspaces/assignment-4/.wordpress/wp-content/plugins/wpforms-lite/src/Forms/Fields/DateTime/Field.php on line 720
[02-Apr-2025 00:12:32 UTC] PHP Fatal error:  Out of memory (allocated 29360128) (tried to allocate 2097152 bytes) in /workspaces/assignment-4/.wordpress/wp-content/plugins/wpforms-lite/src/Forms/Fields/DateTime/Field.php on line 720
[02-Apr-2025 00:12:33 UTC] PHP Fatal error:  Out of memory (allocated 29360128) (tried to allocate 2097152 bytes) in /workspaces/assignment-4/.wordpress/wp-content/plugins/wpforms-lite/src/Forms/Fields/DateTime/Field.php on line 720
[02-Apr-2025 00:12:33 UTC] PHP Fatal error:  Out of memory (allocated 29360128) (tried to allocate 131072 bytes) in /workspaces/assignment-4/.wordpress/wp-content/languages/admin-en_CA.l10n.php on line 2
[02-Apr-2025 00:12:35 UTC] PHP Fatal error:  Out of memory (allocated 29360128) (tried to allocate 2097152 bytes) in /workspaces/assignment-4/.wordpress/wp-content/plugins/wpforms-lite/src/Forms/Fields/DateTime/Field.php on line 261
[02-Apr-2025 00:12:35 UTC] PHP Fatal error:  Out of memory (allocated 29360128) (tried to allocate 36864 bytes) in /workspaces/assignment-4/.wordpress/wp-content/languages/en_CA.l10n.php on line 370
[02-Apr-2025 00:19:39 UTC] PHP Fatal error:  Out of memory (allocated 41943040) (tried to allocate 2097152 bytes) in /workspaces/assignment-4/.wordpress/wp-admin/includes/ajax-actions.php on line 3614
[02-Apr-2025 00:19:39 UTC] PHP Fatal error:  Out of memory (allocated 37748736) (tried to allocate 2097152 bytes) in /workspaces/assignment-4/.wordpress/wp-content/plugins/wpforms-lite/src/Forms/Fields/DateTime/Field.php on line 845
[02-Apr-2025 00:19:41 UTC] PHP Fatal error:  Out of memory (allocated 33554432) (tried to allocate 2097152 bytes) in /workspaces/assignment-4/.wordpress/wp-content/plugins/wpforms-lite/src/Forms/Fields/DateTime/Field.php on line 573
